Start testing: Jul 15 17:30 Romance Daylight Time
----------------------------------------------------------
1/1 Testing: ttr_unit_tests
1/1 Test: ttr_unit_tests
Command: "C:/Users/lenovo/Documents/Projects/TTR/out/build/vs2022-x64/Release/ttr_unit_tests.exe"
Directory: C:/Users/lenovo/Documents/Projects/TTR/out/build/vs2022-x64
"ttr_unit_tests" start time: Jul 15 17:30 Romance Daylight Time
Output:
----------------------------------------------------------
<end of output>
Test time =   0.01 sec
----------------------------------------------------------
Test Passed.
"ttr_unit_tests" end time: Jul 15 17:30 Romance Daylight Time
"ttr_unit_tests" time elapsed: 00:00:00
----------------------------------------------------------

End testing: Jul 15 17:30 Romance Daylight Time
